Determining if the Q_WS_WIN exist failed with the following output:
Change Dir: /home/xottab/cg-course/sphere_intersections/build/CMakeFiles/CMakeTmp

Run Build Command:/usr/bin/make "cmTryCompileExec2895912648/fast"
/usr/bin/make -f CMakeFiles/cmTryCompileExec2895912648.dir/build.make CMakeFiles/cmTryCompileExec2895912648.dir/build
make[1]: Вход в каталог `/home/xottab/cg-course/sphere_intersections/build/CMakeFiles/CMakeTmp'
/usr/bin/cmake -E cmake_progress_report /home/xottab/cg-course/sphere_intersections/build/CMakeFiles/CMakeTmp/CMakeFiles 1
Building CXX object CMakeFiles/cmTryCompileExec2895912648.dir/CheckSymbolExists.cxx.o
/usr/bin/c++    -I/usr/include/qt4    -o CMakeFiles/cmTryCompileExec2895912648.dir/CheckSymbolExists.cxx.o -c /home/xottab/cg-course/sphere_intersections/build/CMakeFiles/CMakeTmp/CheckSymbolExists.cxx
/home/xottab/cg-course/sphere_intersections/build/CMakeFiles/CMakeTmp/CheckSymbolExists.cxx: In function ‘int main(int, char**)’:
/home/xottab/cg-course/sphere_intersections/build/CMakeFiles/CMakeTmp/CheckSymbolExists.cxx:8:19: error: ‘Q_WS_WIN’ was not declared in this scope
   return ((int*)(&Q_WS_WIN))[argc];
                   ^
make[1]: Выход из каталога `/home/xottab/cg-course/sphere_intersections/build/CMakeFiles/CMakeTmp'
make[1]: *** [CMakeFiles/cmTryCompileExec2895912648.dir/CheckSymbolExists.cxx.o] Ошибка 1
make: *** [cmTryCompileExec2895912648/fast] Ошибка 2

File /home/xottab/cg-course/sphere_intersections/build/CMakeFiles/CMakeTmp/CheckSymbolExists.cxx:
/* */
#include <QtCore/qglobal.h>

int main(int argc, char** argv)
{
  (void)argv;
#ifndef Q_WS_WIN
  return ((int*)(&Q_WS_WIN))[argc];
#else
  (void)argc;
  return 0;
#endif
}

Determining if the Q_WS_QWS exist failed with the following output:
Change Dir: /home/xottab/cg-course/sphere_intersections/build/CMakeFiles/CMakeTmp

Run Build Command:/usr/bin/make "cmTryCompileExec1295404769/fast"
/usr/bin/make -f CMakeFiles/cmTryCompileExec1295404769.dir/build.make CMakeFiles/cmTryCompileExec1295404769.dir/build
make[1]: Вход в каталог `/home/xottab/cg-course/sphere_intersections/build/CMakeFiles/CMakeTmp'
/usr/bin/cmake -E cmake_progress_report /home/xottab/cg-course/sphere_intersections/build/CMakeFiles/CMakeTmp/CMakeFiles 1
Building CXX object CMakeFiles/cmTryCompileExec1295404769.dir/CheckSymbolExists.cxx.o
/usr/bin/c++    -I/usr/include/qt4    -o CMakeFiles/cmTryCompileExec1295404769.dir/CheckSymbolExists.cxx.o -c /home/xottab/cg-course/sphere_intersections/build/CMakeFiles/CMakeTmp/CheckSymbolExists.cxx
/home/xottab/cg-course/sphere_intersections/build/CMakeFiles/CMakeTmp/CheckSymbolExists.cxx: In function ‘int main(int, char**)’:
/home/xottab/cg-course/sphere_intersections/build/CMakeFiles/CMakeTmp/CheckSymbolExists.cxx:8:19: error: ‘Q_WS_QWS’ was not declared in this scope
   return ((int*)(&Q_WS_QWS))[argc];
                   ^
make[1]: *** [CMakeFiles/cmTryCompileExec1295404769.dir/CheckSymbolExists.cxx.o] Ошибка 1
make[1]: Выход из каталога `/home/xottab/cg-course/sphere_intersections/build/CMakeFiles/CMakeTmp'
make: *** [cmTryCompileExec1295404769/fast] Ошибка 2

File /home/xottab/cg-course/sphere_intersections/build/CMakeFiles/CMakeTmp/CheckSymbolExists.cxx:
/* */
#include <QtCore/qglobal.h>

int main(int argc, char** argv)
{
  (void)argv;
#ifndef Q_WS_QWS
  return ((int*)(&Q_WS_QWS))[argc];
#else
  (void)argc;
  return 0;
#endif
}

Determining if the Q_WS_MAC exist failed with the following output:
Change Dir: /home/xottab/cg-course/sphere_intersections/build/CMakeFiles/CMakeTmp

Run Build Command:/usr/bin/make "cmTryCompileExec2668127206/fast"
/usr/bin/make -f CMakeFiles/cmTryCompileExec2668127206.dir/build.make CMakeFiles/cmTryCompileExec2668127206.dir/build
make[1]: Вход в каталог `/home/xottab/cg-course/sphere_intersections/build/CMakeFiles/CMakeTmp'
/usr/bin/cmake -E cmake_progress_report /home/xottab/cg-course/sphere_intersections/build/CMakeFiles/CMakeTmp/CMakeFiles 1
Building CXX object CMakeFiles/cmTryCompileExec2668127206.dir/CheckSymbolExists.cxx.o
/usr/bin/c++    -I/usr/include/qt4    -o CMakeFiles/cmTryCompileExec2668127206.dir/CheckSymbolExists.cxx.o -c /home/xottab/cg-course/sphere_intersections/build/CMakeFiles/CMakeTmp/CheckSymbolExists.cxx
/home/xottab/cg-course/sphere_intersections/build/CMakeFiles/CMakeTmp/CheckSymbolExists.cxx: In function ‘int main(int, char**)’:
/home/xottab/cg-course/sphere_intersections/build/CMakeFiles/CMakeTmp/CheckSymbolExists.cxx:8:19: error: ‘Q_WS_MAC’ was not declared in this scope
   return ((int*)(&Q_WS_MAC))[argc];
                   ^
make[1]: *** [CMakeFiles/cmTryCompileExec2668127206.dir/CheckSymbolExists.cxx.o] Ошибка 1
make[1]: Выход из каталога `/home/xottab/cg-course/sphere_intersections/build/CMakeFiles/CMakeTmp'
make: *** [cmTryCompileExec2668127206/fast] Ошибка 2

File /home/xottab/cg-course/sphere_intersections/build/CMakeFiles/CMakeTmp/CheckSymbolExists.cxx:
/* */
#include <QtCore/qglobal.h>

int main(int argc, char** argv)
{
  (void)argv;
#ifndef Q_WS_MAC
  return ((int*)(&Q_WS_MAC))[argc];
#else
  (void)argc;
  return 0;
#endif
}

